"../../../ClayTest/Content/Characters/Negative.uasset" 0
"../../../ClayTest/Content/Characters/NewBlueprint.uasset" 1
"../../../Engine/Content/EditorBlueprintResources/StandardMacros.uasset" 2
"../../../ClayTest/Content/Characters/ClayEnemy/ClayEnemy_Blackboard.uasset" 3
"../../../ClayTest/Content/Characters/ClayEnemy/BTT_MoveToLocation.uasset" 4
"../../../ClayTest/Content/Characters/ClayEnemy/BTT_MoveToPlayer_New.uasset" 5
"../../../ClayTest/Content/Characters/ClayEnemy/EQS.uasset" 6
"../../../ClayTest/Content/Characters/ClayEnemy/ClayEnemy_Tree.uasset" 7
"../../../ClayTest/Content/Characters/ClayMan/ClayMan_Skeleton.uasset" 8
"../../../ClayTest/Content/Characters/ClayMan/Animation/ClayMan_SAttack_Reaction_Left_1.uasset" 9
"../../../ClayTest/Content/Characters/ClayMan/Animation/ClayMan_SAttack_Reaction_Left_1_Montage.uasset" 10
"../../../ClayTest/Content/Characters/ClayMan/Animation/ClayMan_SAttack_3.uasset" 11
"../../../ClayTest/Content/Characters/ClayMan/Animation/ClayMan_SAttack_3_Hit.uasset" 12
"../../../ClayTest/Content/Characters/ClayMan/Animation/ClayMan_SlashMontage.uasset" 13
"../../../ClayTest/Content/Characters/ClayMan/Animation/Clay_SAttack_1.uasset" 14
"../../../ClayTest/Content/Characters/ClayMan/Animation/Clay_SAttack_1_End.uasset" 15
"../../../ClayTest/Content/Characters/ClayMan/Animation/Clay_SAttack_2.uasset" 16
"../../../ClayTest/Content/Characters/ClayMan/Animation/Clay_SAttack_2_End.uasset" 17
"../../../ClayTest/Content/Characters/ClayMan/Animation/Clay_SAttack_Start.uasset" 18
"../../../ClayTest/Content/Characters/ClayMan/Animation/Pucg.uasset" 19
"../../../ClayTest/Content/Characters/ClayMan/Animation/ClayMan_IdleAttack.uasset" 20
"../../../ClayTest/Content/Characters/ClayMan/Animation/ClayMan_RunCycle.uasset" 21
"../../../ClayTest/Content/Characters/ClayMan/Animation/ClayMan_WalkCycle.uasset" 22
"../../../ClayTest/Content/Characters/ClayMan/Animation/WalkAttackBlend.uasset" 23
"../../../ClayTest/Content/Characters/ClayMan/Animation/ClayMan_Idle.uasset" 24
"../../../ClayTest/Content/Characters/ClayMan/Animation/WalkBlendSpace.uasset" 25
"../../../ClayTest/Content/Characters/ClayMan/Textures/_ClayMan_AlbedoM.uasset" 26
"../../../ClayTest/Content/Characters/ClayMan/Textures/_ClayMan_Metalness.uasset" 27
"../../../ClayTest/Content/Characters/ClayMan/Textures/_ClayMan_Normal.uasset" 28
"../../../ClayTest/Content/Characters/ClayMan/Textures/_ClayMan_Roughness.uasset" 29
"../../../ClayTest/Content/Characters/ClayMan/Textures/ClayMan_albedo.uasset" 30
"../../../ClayTest/Content/Characters/ClayMan/Textures/ClayMan_normal.uasset" 31
"../../../ClayTest/Content/Characters/ClayMan/Textures/ClayMan_reflection.uasset" 32
"../../../ClayTest/Content/Characters/ClayMan/Textures/ClayMan_Mat.uasset" 33
"../../../ClayTest/Content/Characters/ClayMan/Textures/ClayMan_Mat_Inst.uasset" 34
"../../../ClayTest/Content/Characters/ClayMan/ClayMan_PhysicsAsset.uasset" 35
"../../../ClayTest/Content/Characters/ClayMan/ClayMan.uasset" 36
"../../../ClayTest/Content/Characters/ClayEnemy/ClayEnemy.uasset" 37
"../../../ClayTest/Content/Characters/ClayMan/PlayerState.uasset" 38
"../../../ClayTest/Content/Characters/ClayMan/Animation/ClayMan_AnimBlue.uasset" 39
"../../../ClayTest/Content/Characters/ClayMan/CollisionCap.uasset" 40
"../../../ClayTest/Content/Characters/ClayMan/Player.uasset" 41
"../../../ClayTest/Content/Characters/ClayEnemy/ClayEnemyController.uasset" 42
"../../../ClayTest/Content/Characters/ClayEnemy/BTS_SearchNew.uasset" 43
"../../../ClayTest/Content/Characters/ClayEnemy/ClayMan_AnimBlue_Enemy.uasset" 44
"../../../ClayTest/Content/Characters/ClayEnemy/ClayMan_Enemy_Animation.uasset" 45
"../../../ClayTest/Content/Characters/ClayMan/ClayMan_AO.uasset" 46
"../../../ClayTest/Content/Characters/ClayMan/ClayMan_Normal.uasset" 47
"../../../ClayTest/Content/Characters/ClayMan/ClaySculpt.uasset" 48
"../../../ClayTest/Content/Characters/ClayMan/ClayMan_N.uasset" 49
"../../../ClayTest/Content/Characters/ClayMan/ClayMan_NewMat.uasset" 50
"../../../ClayTest/Content/Characters/ClayMan/ClaySculpt_Inst.uasset" 51
"../../../ClayTest/Content/Characters/ClayMan/ClayMan_Old.uasset" 52
"../../../ClayTest/Content/Characters/ClayMan/Animation/ClayMan_Slash1.uasset" 53
"../../../ClayTest/Content/Characters/ClayMan/Textures/ClayMan_Ash.uasset" 54
"../../../ClayTest/Content/Characters/ClayTest/Clay.uasset" 55
"../../../ClayTest/Content/Characters/ClayTest/Clay_Inst.uasset" 56
"../../../ClayTest/Content/Characters/ClayTest/ClayMan_Skinny.uasset" 57
"../../../ClayTest/Content/Characters/ClayTest/ClayPlayerController.uasset" 58
"../../../ClayTest/Content/Characters/ClayTest/ClayMode.uasset" 59
"../../../ClayTest/Content/Characters/ClayTest/Material.uasset" 60
"../../../ClayTest/Content/Characters/ClayTest/ClaySword.uasset" 61
"../../../ClayTest/Content/Characters/ClayTest/ClayTest_Skeleton.uasset" 62
"../../../ClayTest/Content/Characters/ClayTest/ClayTest_Skeleton_BlendSpace.uasset" 63
"../../../ClayTest/Content/Characters/ClayTest/Animation/ClayTestAnim_Armature_Idle.uasset" 64
"../../../ClayTest/Content/Characters/ClayTest/Animation/ClayTestAnim_Armature_Walk.uasset" 65
"../../../ClayTest/Content/Characters/ClayTest/Animation/NewAnimComposite.uasset" 66
"../../../ClayTest/Content/Characters/ClayTest/Animation/ClayTest_Arm.uasset" 67
"../../../ClayTest/Content/Characters/ClayTest/Animation/PlayerAnim.uasset" 68
"../../../ClayTest/Content/Characters/ClayTest/Face/Material.uasset" 69
"../../../ClayTest/Content/Characters/ClayTest/Face/ClayFace.uasset" 70
"../../../Engine/Content/VREditor/BasicMeshes/T_CleanFloorGrunge_01_D.uasset" 71
"../../../ClayTest/Content/Characters/ClayTest/Face/ClayFace_Normal.uasset" 72
"../../../ClayTest/Content/Characters/ClayTest/Face/Material_001.uasset" 73
"../../../ClayTest/Content/Characters/ClayTest/Face/ClayFace_Low.uasset" 74
"../../../ClayTest/Content/Characters/ClayTest/Face/Material_001_Inst.uasset" 75
"../../../ClayTest/Content/Characters/ClayTest/ClayFigure.uasset" 76
"../../../ClayTest/Content/Characters/ClayTest/Face/NewBlueprint.uasset" 77
"../../../ClayTest/Content/Characters/ClayTest/Animation/EnemyAnim.uasset" 78
"../../../Engine/Content/BasicShapes/BasicShapeMaterial.uasset" 79
"../../../Engine/Content/Functions/Engine_MaterialFunctions01/Opacity/CameraDepthFade.uasset" 80
"../../../Engine/Content/EngineMaterials/T_Default_Material_Grid_M.uasset" 81
"../../../Engine/Content/EngineMaterials/T_Default_Material_Grid_N.uasset" 82
"../../../Engine/Content/EngineMaterials/DefaultMaterial.uasset" 83
"../../../Engine/Content/BasicShapes/Sphere.uasset" 84
"../../../ClayTest/Content/Characters/ClayTest/Projectile.uasset" 85
"../../../ClayTest/Content/Characters/EnemyAI/EnemyBlackboard_Old.uasset" 86
"../../../ClayTest/Content/Characters/EnemyAI/EnemyController.uasset" 87
"../../../ClayTest/Content/Characters/ClayTest/ClayTest_PhysicsAsset.uasset" 88
"../../../ClayTest/Content/Characters/ClayTest/ClayTest.uasset" 89
"../../../ClayTest/Content/Characters/ClayTest/ClayTest_PhysicsAsset_Knives.uasset" 90
"../../../ClayTest/Content/Characters/circle-mask.uasset" 91
"../../../ClayTest/Content/Characters/mask_round_200x200.uasset" 92
"../../../ClayTest/Content/Characters/NewMaterial.uasset" 93
"../../../ClayTest/Content/Characters/NewParticleSystem.uasset" 94
"../../../ClayTest/Content/Meshes/EmmisiveColor.uasset" 95
"../../../ClayTest/Content/Meshes/ProjectileHit.uasset" 96
"../../../ClayTest/Content/Characters/Enemy.uasset" 97
"../../../ClayTest/Content/Characters/EnemyAI/BTS_Search_Old.uasset" 98
"../../../ClayTest/Content/Characters/EnemyAI/BTTask_BlueprintBase_New.uasset" 99
"../../../ClayTest/Content/Characters/EnemyAI/RapidMoveTo.uasset" 100
"../../../ClayTest/Content/Cinematics/Sequences/Animations/RecordedSequence_Enemy.uasset" 101
"../../../ClayTest/Content/Cinematics/Sequences/RecordedSequence_1.uasset" 102
"../../../ClayTest/Content/Cinematics/Sequences/Sequence/SequenceMaster.uasset" 103
"../../../ClayTest/Content/Cinematics/Sequences/Sequence/shots/shot0010/shot0010_001.uasset" 104
"../../../ClayTest/Content/Cinematics/Sequences/Sequence/shots/shot0020/shot0020_001.uasset" 105
"../../../ClayTest/Content/Cinematics/Sequences/Sequence/shots/shot0030/shot0030_001.uasset" 106
"../../../ClayTest/Content/Cinematics/Sequences/Sequence/shots/shot0040/shot0040_001.uasset" 107
"../../../ClayTest/Content/Cinematics/Sequences/Sequence/shots/shot0050/shot0050_001.uasset" 108
"../../../ClayTest/Content/Meshes/ClayGuy_Run.uasset" 109
"../../../ClayTest/Content/Meshes/Projecitle.uasset" 110
"../../../Engine/Content/BasicShapes/Cone.uasset" 111
"../../../Engine/Content/BasicShapes/Cylinder.uasset" 112
"../../../Engine/Content/EngineMaterials/WorldGridMaterial.uasset" 113
"../../../Engine/Content/BasicShapes/Plane.uasset" 114
"../../../Engine/Content/EditorLandscapeResources/DataLayer.uasset" 115
"../../../Engine/Content/EditorMaterials/GizmoMaterial.uasset" 116
"../../../Engine/Content/EditorMaterials/MAT_Groups_Toggle.uasset" 117
"../../../Engine/Content/EditorMaterials/MAT_Groups_Visibility.uasset" 118
"../../../Engine/Content/EditorMaterials/PreviewShadowIndicator.uasset" 119
"../../../Engine/Content/EditorMaterials/PreviewShadowIndicatorMaterial.uasset" 120
"../../../Engine/Content/EditorMaterials/MatineeGroups/MAT_ColorTrack.uasset" 121
"../../../Engine/Content/EditorMaterials/MatineeGroups/MAT_Groups_Anim.uasset" 122
"../../../Engine/Content/EditorMaterials/MatineeGroups/MAT_Groups_AudioMaster.uasset" 123
"../../../Engine/Content/EditorMaterials/MatineeGroups/MAT_Groups_Director.uasset" 124
"../../../Engine/Content/EditorMaterials/MatineeGroups/MAT_Groups_Event.uasset" 125
"../../../Engine/Content/EditorMaterials/MatineeGroups/MAT_Groups_Fade.uasset" 126
"../../../Engine/Content/EditorMaterials/MatineeGroups/MAT_Groups_Float.uasset" 127
"../../../Engine/Content/EditorMaterials/MatineeGroups/MAT_Groups_Move.uasset" 128
"../../../Engine/Content/EditorMaterials/MatineeGroups/MAT_Groups_Slomo.uasset" 129
"../../../Engine/Content/EditorMaterials/MatineeGroups/MAT_Groups_Sound.uasset" 130
"../../../Engine/Content/EditorMaterials/MatineeGroups/MAT_Groups_Vector.uasset" 131
"../../../Engine/Content/EditorMaterials/ParticleSystems/PSysThumbnail_NoImage.uasset" 132
"../../../Engine/Content/EditorMaterials/ParticleSystems/PSysThumbnail_OOD.uasset" 133
"../../../Engine/Content/EditorMaterials/Camera/CineMat.uasset" 134
"../../../Engine/Content/EditorMaterials/Camera/MI_CineMat_Rig.uasset" 135
"../../../Engine/Content/EditorMeshes/Camera/SM_CraneRig_Arm.uasset" 136
"../../../Engine/Content/EditorMeshes/Camera/SM_CraneRig_Base.uasset" 137
"../../../Engine/Content/EditorMeshes/Camera/SM_CraneRig_Body.uasset" 138
"../../../Engine/Content/EditorMeshes/Camera/SM_CraneRig_Mount.uasset" 139
"../../../Engine/Content/EditorMeshes/Camera/SM_RailRig_Mount.uasset" 140
"../../../Engine/Content/EditorMeshes/Camera/SM_RailRig_Track.uasset" 141
"../../../Engine/Content/EditorMeshes/ColorCalibrator/M_ChromeBall.uasset" 142
"../../../Engine/Content/EditorMeshes/ColorCalibrator/M_ClearCoat.uasset" 143
"../../../Engine/Content/EditorMeshes/ColorCalibrator/M_ClearCoatBlack.uasset" 144
"../../../Engine/Content/EditorMeshes/ColorCalibrator/Color_checker.uasset" 145
"../../../Engine/Content/EditorMeshes/ColorCalibrator/M_ColorGrid.uasset" 146
"../../../Engine/Content/EditorMeshes/ColorCalibrator/M_GreyBall.uasset" 147
"../../../Engine/Content/EditorMeshes/ColorCalibrator/SM_ColorCalibrator.uasset" 148
"../../../Engine/Content/EditorResources/BSPVertex.uasset" 149
"../../../Engine/Content/EditorResources/EmptyActor.uasset" 150
"../../../Engine/Content/EditorResources/S_Actor.uasset" 151
"../../../Engine/Content/EditorResources/S_Trigger.uasset" 152
"../../../Engine/Content/EditorResources/LightIcons/S_LightError.uasset" 153
"../../../Engine/Content/EditorResources/SequenceRecorder/Countdown.uasset" 154
"../../../Engine/Content/EditorResources/SequenceRecorder/RecordingIndicator.uasset" 155
"../../../Engine/Content/EditorSounds/Notifications/CompileFailed.uasset" 156
"../../../Engine/Content/EditorSounds/Notifications/CompileFailed_Cue.uasset" 157
"../../../Engine/Content/EditorSounds/Notifications/CompileSuccess.uasset" 158
"../../../Engine/Content/EditorSounds/Notifications/CompileStart_Cue.uasset" 159
"../../../Engine/Content/EditorSounds/Notifications/CompileSuccess_Cue.uasset" 160
"../../../Engine/Content/EngineDamageTypes/DmgTypeBP_Environmental.uasset" 161
"../../../Engine/Content/EngineDebugMaterials/HeatmapGradient.uasset" 162
"../../../Engine/Content/EngineDebugMaterials/BoneWeightMaterial.uasset" 163
"../../../Engine/Content/EngineDebugMaterials/ClothMaterial.uasset" 164
"../../../Engine/Content/EngineDebugMaterials/ClothMaterial_WF.uasset" 165
"../../../Engine/Content/EngineDebugMaterials/DebugEditorMaterial.uasset" 166
"../../../Engine/Content/EngineDebugMaterials/DebugMeshMaterial.uasset" 167
"../../../Engine/Content/EngineDebugMaterials/GeomMaterial.uasset" 168
"../../../Engine/Content/EngineFonts/Faces/RobotoBold.uasset" 169
"../../../Engine/Content/EngineFonts/Faces/RobotoBoldItalic.uasset" 170
"../../../Engine/Content/EngineFonts/Faces/RobotoItalic.uasset" 171
"../../../Engine/Content/EngineFonts/Faces/RobotoLight.uasset" 172
"../../../Engine/Content/EngineFonts/Faces/RobotoRegular.uasset" 173
"../../../Engine/Content/EngineFonts/Roboto.uasset" 174
"../../../Engine/Content/EngineFonts/Faces/RobotoTiny.uasset" 175
"../../../Engine/Content/EngineFonts/RobotoTiny.uasset" 176
"../../../Engine/Content/EngineMaterials/DefaultBloomKernel.uasset" 177
"../../../Engine/Content/EngineMaterials/DefaultBokeh.uasset" 178
"../../../Engine/Content/EngineMaterials/DefaultDiffuse.uasset" 179
"../../../Engine/Content/EngineMaterials/DefaultDeferredDecalMaterial.uasset" 180
"../../../Engine/Content/EngineMaterials/DefaultLightFunctionMaterial.uasset" 181
"../../../Engine/Content/EngineMaterials/DefaultPhysicalMaterial.uasset" 182
"../../../Engine/Content/Functions/Engine_MaterialFunctions02/Utility/BreakOutFloat2Components.uasset" 183
"../../../Engine/Content/EngineMaterials/DefaultPostProcessMaterial.uasset" 184
"../../../Engine/Content/EngineFonts/RobotoDistanceField.uasset" 185
"../../../Engine/Content/EngineMaterials/DefaultTextMaterialOpaque.uasset" 186
"../../../Engine/Content/EngineMaterials/DefaultWhiteGrid.uasset" 187
"../../../Engine/Content/EngineMaterials/EditorBrushMaterial.uasset" 188
"../../../Engine/Content/EngineMaterials/Good64x64TilingNoiseHighFreq.uasset" 189
"../../../Engine/Content/EngineMaterials/MiniFont.uasset" 190
"../../../Engine/Content/EngineMaterials/InvalidLightmapSettings.uasset" 191
"../../../Engine/Content/EngineMaterials/M_InvalidLightmapSettings.uasset" 192
"../../../Engine/Content/Functions/Engine_MaterialFunctions02/WorldPositionOffset/CameraOffset.uasset" 193
"../../../Engine/Content/EngineMaterials/PhAT_JointLimitMaterial.uasset" 194
"../../../Engine/Content/EngineMaterials/PreintegratedSkinBRDF.uasset" 195
"../../../Engine/Content/EngineMaterials/RemoveSurfaceMaterial.uasset" 196
"../../../Engine/Content/EngineMaterials/WeightMapPlaceholderTexture.uasset" 197
"../../../Engine/Content/EngineResources/WhiteSquareTexture.uasset" 198
"../../../Engine/Content/EngineMaterials/Widget3DPassThrough.uasset" 199
"../../../Engine/Content/EngineMaterials/Widget3DPassThrough_Masked.uasset" 200
"../../../Engine/Content/EngineMaterials/Widget3DPassThrough_Opaque.uasset" 201
"../../../Engine/Content/EngineMaterials/Widget3DPassThrough_Masked_OneSided.uasset" 202
"../../../Engine/Content/EngineMaterials/Widget3DPassThrough_Opaque_OneSided.uasset" 203
"../../../Engine/Content/EngineMaterials/Widget3DPassThrough_Translucent.uasset" 204
"../../../Engine/Content/EngineMaterials/Widget3DPassThrough_Translucent_OneSided.uasset" 205
"../../../Engine/Content/EngineMeshes/Cube.uasset" 206
"../../../Engine/Content/EngineMeshes/Cylinder.uasset" 207
"../../../Engine/Content/EngineMeshes/Sphere.uasset" 208
"../../../Engine/Content/EngineResources/Black.uasset" 209
"../../../Engine/Content/EngineResources/DefaultTexture.uasset" 210
"../../../Engine/Content/EngineResources/DefaultTextureCube.uasset" 211
"../../../Engine/Content/EngineResources/GradientTexture0.uasset" 212
"../../../Engine/Content/EngineSounds/Master.uasset" 213
"../../../Engine/Content/Functions/Engine_MaterialFunctions01/Shading/ConvertFromDiffSpec.uasset" 214
"../../../Engine/Content/Functions/Engine_MaterialFunctions01/Shading/PowerToRoughness.uasset" 215
"../../../Engine/Content/Maps/Templates/Thumbnails/Default.uasset" 216
"../../../Engine/Content/Maps/Templates/Thumbnails/VR-Basic.uasset" 217
"../../../Engine/Content/MobileResources/T_MobileControls_texture.uasset" 218
"../../../Engine/Content/MobileResources/T_MobileMenu2.uasset" 219
"../../../Engine/Content/MobileResources/HUD/AnalogHat.uasset" 220
"../../../Engine/Content/MobileResources/HUD/VirtualJoystick_Background.uasset" 221
"../../../Engine/Content/MobileResources/HUD/VirtualJoystick_Thumb.uasset" 222
"../../../Engine/Content/MobileResources/HUD/DefaultVirtualJoysticks.uasset" 223
"../../../Engine/Content/MobileResources/HUD/LeftVirtualJoystickOnly.uasset" 224
"../../../Engine/Content/MobileResources/HUD/MobileHUDButton1_off.uasset" 225
"../../../Engine/Content/MobileResources/HUD/MobileHUDButton1_on.uasset" 226
"../../../Engine/Content/MobileResources/HUD/MobileHUDButton2_off.uasset" 227
"../../../Engine/Content/MobileResources/HUD/MobileHUDButton2_on.uasset" 228
"../../../Engine/Content/MobileResources/HUD/MobileHUDButton3.uasset" 229
"../../../Engine/Content/MobileResources/HUD/MobileHUDButtonFire.uasset" 230
"../../../Engine/Content/MobileResources/HUD/MobileHUDDirectionPad.uasset" 231
"../../../Engine/Content/MobileResources/HUD/MobileHUDDirectionPad2.uasset" 232
"../../../Engine/Content/MobileResources/HUD/MobileHUDDirectionPad3.uasset" 233
"../../../Engine/Content/MobileResources/HUD/MobileHUDDirectionStick.uasset" 234
"../../../Engine/Content/MobileResources/HUD/T_Castle_ThumbstickInner.uasset" 235
"../../../Engine/Content/MobileResources/HUD/T_Castle_ThumbstickOutter.uasset" 236
"../../../Engine/Content/Tutorial/ContentIntroCurve.uasset" 237
"../../../Engine/Content/Tutorial/Basics/TutorialAssets/icon_tab_Levels_40x.uasset" 238
"../../../Engine/Content/Tutorial/BlueprintTutorials/TutorialAssets/BlueprintInterface_64x.uasset" 239
"../../../Engine/Content/Tutorial/BlueprintTutorials/TutorialAssets/BlueprintMacroLibrary_64x.uasset" 240
"../../../Engine/Content/Tutorial/BlueprintTutorials/TutorialAssets/Blueprint_64x.uasset" 241
"../../../Engine/Content/Tutorial/BlueprintTutorials/TutorialAssets/Tutorial_BP_Interface.uasset" 242
"../../../Engine/Content/Tutorial/Foliage/TutorialAssets/Foliage.uasset" 243
"../../../Engine/Content/Tutorial/Landscape/TutorialAssets/Landscape.uasset" 244
"../../../Engine/Content/Tutorial/Paper2D/TutorialAssets/Paper2DFlipbook_TutorialIcon.uasset" 245
"../../../Engine/Content/Tutorial/Paper2D/TutorialAssets/Paper2DSprite_TutorialIcon.uasset" 246
"../../../Engine/Content/Tutorial/SubEditors/TutorialAssets/icon_Editor_Preferences_General_40x.uasset" 247
"../../../Engine/Content/Tutorial/SubEditors/TutorialAssets/icon_ShowSkeletalMeshes_40x.uasset" 248
"../../../Engine/Content/Tutorial/SubEditors/TutorialAssets/TutorialMaterial.uasset" 249
"../../../Engine/Content/Tutorial/SubEditors/TutorialAssets/T_SmokeSubUV_8X8.uasset" 250
"../../../Engine/Content/Tutorial/SubEditors/TutorialAssets/T_soft_smoke.uasset" 251
"../../../Engine/Content/Tutorial/SubEditors/TutorialAssets/M_smoke_subUV_blackbody.uasset" 252
"../../../Engine/Content/Tutorial/SubEditors/TutorialAssets/TutorialParticleSystem.uasset" 253
"../../../Engine/Content/VREditor/Devices/Generic/GenericHMDMaterial.uasset" 254
"../../../Engine/Content/VREditor/Devices/Generic/GenericHMD.uasset" 255
"../../../Engine/Content/VREditor/FloatingText/LineMaterial.uasset" 256
"../../../Engine/Content/VREditor/FloatingText/JointSphere.uasset" 257
"../../../Engine/Content/VREditor/FloatingText/LineSegmentCylinder.uasset" 258
"../../../Engine/Content/VREditor/Fonts/VRText_RobotoLarge.uasset" 259
"../../../Engine/Content/VREditor/Fonts/VRTextMaterial.uasset" 260
"../../../Engine/Content/VREditor/Fonts/TranslucentVRTextMaterial.uasset" 261
"../../../Engine/Content/VREditor/LaserPointer/CursorPointer.uasset" 262
"../../../Engine/Content/VREditor/LaserPointer/VR_LaserPower_01.uasset" 263
"../../../Engine/Content/VREditor/TransformGizmo/TransformGizmoMaterial.uasset" 264
"../../../Engine/Content/VREditor/LaserPointer/HoverMaterial.uasset" 265
"../../../Engine/Content/VREditor/TransformGizmo/TranslucentTransformGizmoMaterial.uasset" 266
"../../../Engine/Content/VREditor/LaserPointer/TranslucentHoverMaterial.uasset" 267
"../../../Engine/Content/VREditor/LaserPointer/HoverMesh.uasset" 268
"../../../Engine/Content/VREditor/LaserPointer/LaserPointerMaterial.uasset" 269
"../../../Engine/Content/VREditor/LaserPointer/LaserPointerMaterialInst.uasset" 270
"../../../Engine/Content/VREditor/LaserPointer/TranslucentLaserPointerMaterialInst.uasset" 271
"../../../Engine/Content/VREditor/LaserPointer/LaserPointerMesh.uasset" 272
"../../../Engine/Content/VREditor/LaserPointer/LaserPointerMesh_End.uasset" 273
"../../../Engine/Content/VREditor/LaserPointer/LaserPointerMesh_Start.uasset" 274
"../../../Engine/Content/Functions/Engine_MaterialFunctions02/Utility/BreakOutFloat3Components.uasset" 275
"../../../Engine/Content/Functions/Engine_MaterialFunctions02/Math/Transform3x3Matrix.uasset" 276
"../../../Engine/Content/Functions/Engine_MaterialFunctions02/SplitComponents.uasset" 277
"../../../Engine/Content/Functions/Engine_MaterialFunctions02/Utility/MakeFloat3.uasset" 278
"../../../Engine/Content/VREditor/SnapGrid/SnapGridMaterial.uasset" 279
"../../../Engine/Content/VREditor/SnapGrid/SnapGridPlaneMesh.uasset" 280
"../../../Engine/Content/VREditor/Sounds/VR_teleport.uasset" 281
"../../../Engine/Content/VREditor/Sounds/UI/Click_on_Button_Cue.uasset" 282
"../../../Engine/Content/VREditor/Sounds/UI/Dockable_Window_Close.uasset" 283
"../../../Engine/Content/VREditor/Sounds/UI/Dockable_Window_Drop.uasset" 284
"../../../Engine/Content/VREditor/Sounds/UI/Dockable_Window_Open.uasset" 285
"../../../Engine/Content/VREditor/Sounds/UI/Dockable_Window_Pick_Up.uasset" 286
"../../../Engine/Content/VREditor/Sounds/UI/Drop_Item_From_ContentBrowser.uasset" 287
"../../../Engine/Content/VREditor/Sounds/UI/Floating_UI_Open-001.uasset" 288
"../../../Engine/Content/VREditor/Sounds/UI/Gizmo_Handle_Clicked.uasset" 289
"../../../Engine/Content/VREditor/Sounds/UI/Object_PickUp.uasset" 290
"../../../Engine/Content/VREditor/Sounds/UI/Object_Snaps_To_Another_Actor.uasset" 291
"../../../Engine/Content/VREditor/Sounds/UI/Object_Snaps_To_Grid.uasset" 292
"../../../Engine/Content/VREditor/Sounds/UI/Radial_Menu_FadeOut.uasset" 293
"../../../Engine/Content/VREditor/Sounds/UI/Scaling_Down.uasset" 294
"../../../Engine/Content/VREditor/Sounds/UI/Scaling_Up.uasset" 295
"../../../Engine/Content/VREditor/Sounds/UI/Selection_Changes.uasset" 296
"../../../Engine/Content/VREditor/Sounds/UI/Teleport_Mode_Entered.uasset" 297
"../../../Engine/Content/VREditor/Teleport/TeleportDirectionMaterial.uasset" 298
"../../../Engine/Content/VREditor/Teleport/TeleportDirectionMaterial_Inst.uasset" 299
"../../../Engine/Content/VREditor/Teleport/TeleportDirectionMesh.uasset" 300
"../../../Engine/Content/VREditor/TransformGizmo/BoundingBoxCorner.uasset" 301
"../../../Engine/Content/VREditor/TransformGizmo/BoundingBoxEdge.uasset" 302
"../../../Engine/Content/VREditor/TransformGizmo/PlaneTranslationHandle.uasset" 303
"../../../Engine/Content/VREditor/TransformGizmo/RotationHandleFull.uasset" 304
"../../../Engine/Content/VREditor/TransformGizmo/RotationHandleIndicator.uasset" 305
"../../../Engine/Content/VREditor/TransformGizmo/RotationHandleQuarter.uasset" 306
"../../../Engine/Content/VREditor/TransformGizmo/Main.uasset" 307
"../../../Engine/Content/VREditor/TransformGizmo/Xray.uasset" 308
"../../../Engine/Content/VREditor/TransformGizmo/SM_Dialog_Close.uasset" 309
"../../../Engine/Content/VREditor/TransformGizmo/SM_Dialog_Move.uasset" 310
"../../../Engine/Content/VREditor/TransformGizmo/SM_Sequencer_Key.uasset" 311
"../../../Engine/Content/VREditor/TransformGizmo/SM_Sequencer_Node.uasset" 312
"../../../Engine/Content/VREditor/TransformGizmo/StartRotationHandleIndicator.uasset" 313
"../../../Engine/Content/VREditor/TransformGizmo/TranslucentTransformGizmoMaterial_Inst.uasset" 314
"../../../Engine/Content/VREditor/TransformGizmo/TransformGizmoFreeRotation.uasset" 315
"../../../Engine/Content/VREditor/TransformGizmo/TransformGizmoMaterial_Inst.uasset" 316
"../../../Engine/Content/VREditor/TransformGizmo/TranslateArrowHandle.uasset" 317
"../../../Engine/Content/VREditor/TransformGizmo/UniformScaleHandle.uasset" 318
"../../../Engine/Content/VREditor/UI/KeyDiskMaterial.uasset" 319
"../../../Engine/Content/VREditor/UI/DiscMaterial.uasset" 320
"../../../Engine/Content/VREditor/UI/SM_Radial_Disk.uasset" 321
"../../../Engine/Content/Functions/Engine_MaterialFunctions01/Gradient/RadialGradient.uasset" 322
"../../../Engine/Content/VREditor/WorldMovementGrid/SimpleGrid.uasset" 323
"../../../Engine/Content/VREditor/WorldMovementGrid/GridMaterial.uasset" 324
"../../../Engine/Content/Functions/Engine_MaterialFunctions01/Density/ExponentialDensity.uasset" 325
"../../../Engine/Content/VREditor/WorldMovementGrid/GridPostProcess.uasset" 326
"../../../Engine/Content/EditorLandscapeResources/FlattenHeightMat.uasset" 327
"../../../Engine/Content/VREditor/WorldMovementGrid/PlaneMesh.uasset" 328
"../../../Engine/Plugins/2D/Paper2D/Content/PlaceholderTextures/DummySpriteTexture.uasset" 329
"../../../Engine/Plugins/2D/Paper2D/Content/DummySprite.uasset" 330
"../../../Engine/Plugins/2D/Paper2D/Content/DefaultPaperTerrainMaterial.uasset" 331
"../../../Engine/Plugins/2D/Paper2D/Content/DefaultSpriteMaterial.uasset" 332
"../../../Engine/Plugins/2D/Paper2D/Content/MaskedUnlitSpriteMaterial.uasset" 333
"../../../Engine/Plugins/2D/Paper2D/Content/OpaqueUnlitSpriteMaterial.uasset" 334
"../../../Engine/Plugins/Media/MediaCompositing/Content/DefaultMediaPlaneMaterial.uasset" 335
"../../../Engine/Content/Functions/Engine_MaterialFunctions01/Texturing/ScaleUVsByCenter.uasset" 336
"../../../Engine/Content/Functions/Engine_MaterialFunctions02/Utility/MakeFloat4.uasset" 337
"../../../Engine/Plugins/Runtime/AppleARKit/Content/ARKitCameraMaterial.uasset" 338
"../../../Engine/Plugins/Runtime/Oculus/OculusVR/Content/Textures/GearVRController_AO.uasset" 339
"../../../Engine/Plugins/Runtime/Oculus/OculusVR/Content/Textures/GearVRController_Color.uasset" 340
"../../../Engine/Plugins/Runtime/Oculus/OculusVR/Content/Textures/GearVRController_Normal.uasset" 341
"../../../Engine/Plugins/Runtime/Oculus/OculusVR/Content/Materials/GearVRControllerMaterial.uasset" 342
"../../../Engine/Plugins/Runtime/Oculus/OculusVR/Content/Meshes/GearVrController.uasset" 343
"../../../ClayTest/Content/NewMap_BuiltData.uasset" 344
"../../../Engine/Content/BasicShapes/Cube.uasset" 345
"../../../ClayTest/Content/NewMap.umap" 346
"../../../ClayTest/Content/Characters/ClayEnemy/EQSPawn.uasset" 347
"../../../Engine/Content/EngineSky/C_Sky_Cloud_Color.uasset" 348
"../../../Engine/Content/EngineSky/C_Sky_Horizon_Color.uasset" 349
"../../../Engine/Content/EngineSky/C_Sky_Zenith_Color.uasset" 350
"../../../Engine/Content/EngineSky/T_Sky_Blue.uasset" 351
"../../../Engine/Content/EngineSky/T_Sky_Clouds_M.uasset" 352
"../../../Engine/Content/EngineSky/T_Sky_Stars.uasset" 353
"../../../Engine/Content/EngineSky/M_Sky_Panning_Clouds2.uasset" 354
"../../../Engine/Content/EngineSky/SM_SkySphere.uasset" 355
"../../../Engine/Content/EngineSky/BP_Sky_Sphere.uasset" 356
"../../../ClayTest/Content/Test_BuiltData.uasset" 357
"../../../ClayTest/Content/Gold.uasset" 358
"../../../ClayTest/Content/Gold_Inst.uasset" 359
"../../../Engine/Content/MapTemplates/SM_Template_Map_Floor.uasset" 360
"../../../ClayTest/Content/Characters/Material.uasset" 361
"../../../ClayTest/Content/Characters/Dog.uasset" 362
"../../../ClayTest/Content/Meshes/20meter.uasset" 363
"../../../ClayTest/Content/Test.umap" 364
"../../../Engine/Content/Maps/Entry.umap" 365
"../../../Engine/Content/Maps/Templates/Template_Default_BuiltData.uasset" 366
"../../../Engine/Content/Maps/Templates/Template_Default.umap" 367
